<?xml version="1.0" encoding="UTF-8"?>
<!-- Generated by org.testng.reporters.JUnitReportReporter -->
<testsuite skipped="0" hostname="dell-PC" name="Basic_rav.Testttrr" tests="1" failures="0" timestamp="20 Sep 2019 23:57:19 GMT" time="0.020" errors="0">
  <testcase name="a" time="0.020" classname="Basic_rav.Testttrr"/>
</testsuite> <!-- Basic_rav.Testttrr -->
